2025-05-23 23:01:47,667 - INFO - Cleanup started. Please wait...
2025-05-23 23:01:47,668 - INFO - Starting cleanup process...
2025-05-23 23:01:47,669 - INFO - Initializing cleanup...
2025-05-23 23:01:47,670 - INFO - Clearing temporary files... 20%
2025-05-23 23:01:47,675 - INFO - Clearing temporary files...
2025-05-23 23:01:49,676 - INFO - Cleaning cache directories... 40%
2025-05-23 23:01:49,677 - INFO - Cleaning cache directories...
2025-05-23 23:01:51,678 - INFO - Running system file check... 60%
2025-05-23 23:01:51,679 - INFO - Running system file check...
2025-05-23 23:01:53,679 - INFO - Optimizing system files... 80%
2025-05-23 23:01:53,680 - INFO - Optimizing system files...
2025-05-23 23:01:55,681 - INFO - Finalizing cleanup... 100%
2025-05-23 23:01:55,682 - INFO - Finalizing cleanup...
2025-05-23 23:01:57,683 - INFO - Cleanup completed successfully
2025-05-23 23:01:57,683 - INFO - Cleanup completed!
2025-05-23 23:01:57,688 - INFO - Cleanup complete! Check log for details.
2025-05-23 23:02:30,713 - INFO - Cleanup started. Please wait...
2025-05-23 23:02:30,714 - INFO - Starting cleanup process...
2025-05-23 23:02:30,715 - INFO - Initializing cleanup...
2025-05-23 23:02:30,716 - INFO - Clearing temporary files... 20%
2025-05-23 23:02:30,716 - INFO - Clearing temporary files...
2025-05-23 23:02:32,717 - INFO - Cleaning cache directories... 40%
2025-05-23 23:02:32,718 - INFO - Cleaning cache directories...
2025-05-23 23:02:34,720 - INFO - Running system file check... 60%
2025-05-23 23:02:34,721 - INFO - Running system file check...
2025-05-23 23:02:36,722 - INFO - Optimizing system files... 80%
2025-05-23 23:02:36,723 - INFO - Optimizing system files...
2025-05-23 23:02:38,724 - INFO - Finalizing cleanup... 100%
2025-05-23 23:02:38,724 - INFO - Finalizing cleanup...
2025-05-23 23:02:40,725 - INFO - Cleanup completed successfully
2025-05-23 23:02:40,727 - INFO - Cleanup completed!
2025-05-23 23:02:40,728 - INFO - Cleanup complete! Check log for details.
2025-05-23 23:03:38,963 - INFO - Cleanup started. Please wait...
2025-05-23 23:03:38,963 - INFO - Starting cleanup process...
2025-05-23 23:03:38,970 - INFO - Initializing cleanup...
2025-05-23 23:03:38,970 - INFO - Clearing temporary files... 20%
2025-05-23 23:03:38,970 - INFO - Clearing temporary files...
2025-05-23 23:03:40,971 - INFO - Cleaning cache directories... 40%
2025-05-23 23:03:40,972 - INFO - Cleaning cache directories...
2025-05-23 23:03:42,974 - INFO - Running system file check... 60%
2025-05-23 23:03:42,975 - INFO - Running system file check...
2025-05-23 23:03:44,976 - INFO - Optimizing system files... 80%
2025-05-23 23:03:44,977 - INFO - Optimizing system files...
2025-05-23 23:03:46,977 - INFO - Finalizing cleanup... 100%
2025-05-23 23:03:46,978 - INFO - Finalizing cleanup...
2025-05-23 23:03:48,979 - INFO - Cleanup completed successfully
2025-05-23 23:03:48,979 - INFO - Cleanup completed!
2025-05-23 23:03:48,982 - INFO - Cleanup complete! Check log for details.
2025-05-23 23:04:19,778 - INFO - Cleanup started. Please wait...
2025-05-23 23:04:19,779 - INFO - Starting cleanup process...
2025-05-23 23:04:19,779 - INFO - Initializing cleanup...
2025-05-23 23:04:19,784 - INFO - Clearing temporary files... 20%
2025-05-23 23:04:19,785 - INFO - Clearing temporary files...
2025-05-23 23:04:21,787 - INFO - Cleaning cache directories... 40%
2025-05-23 23:04:21,788 - INFO - Cleaning cache directories...
2025-05-23 23:04:23,791 - INFO - Running system file check... 60%
2025-05-23 23:04:23,791 - INFO - Running system file check...
2025-05-23 23:04:25,793 - INFO - Optimizing system files... 80%
2025-05-23 23:04:25,793 - INFO - Optimizing system files...
2025-05-23 23:04:27,794 - INFO - Finalizing cleanup... 100%
2025-05-23 23:04:27,795 - INFO - Finalizing cleanup...
2025-05-23 23:04:29,795 - INFO - Cleanup completed successfully
2025-05-23 23:04:29,795 - INFO - Cleanup completed!
2025-05-23 23:04:29,797 - INFO - Cleanup complete! Check log for details.
